\BOOKMARK [0][-]{chapter.1}{\376\377\000I\000n\000t\000r\000o\000d\000u\000c\000c\000i\000\363\000n}{}% 1
\BOOKMARK [1][-]{section.1.1}{\376\377\000O\000b\000j\000e\000t\000i\000v\000o\000s}{chapter.1}% 2
\BOOKMARK [1][-]{section.1.2}{\376\377\000E\000s\000t\000r\000u\000c\000t\000u\000r\000a\000\040\000d\000e\000\040\000e\000s\000t\000e\000\040\000T\000r\000a\000b\000a\000j\000o}{chapter.1}% 3
\BOOKMARK [0][-]{chapter.2}{\376\377\000E\000s\000t\000a\000d\000o\000\040\000d\000e\000l\000\040\000A\000r\000t\000e}{}% 4
\BOOKMARK [1][-]{section.2.1}{\376\377\000F\000r\000a\000m\000e\000w\000o\000r\000k\000s\000\040\000A\000c\000t\000u\000a\000l\000e\000s}{chapter.2}% 5
\BOOKMARK [2][-]{subsection.2.1.1}{\376\377\000B\000a\000c\000k\000b\000o\000n\000e}{section.2.1}% 6
\BOOKMARK [2][-]{subsection.2.1.2}{\376\377\000C\000a\000p\000p\000u\000c\000c\000i\000n\000o}{section.2.1}% 7
\BOOKMARK [2][-]{subsection.2.1.3}{\376\377\000E\000x\000t\000\040\000J\000S}{section.2.1}% 8
\BOOKMARK [1][-]{section.2.2}{\376\377\000H\000e\000r\000r\000a\000m\000i\000e\000n\000t\000a\000s\000\040\000A\000c\000t\000u\000a\000l\000e\000s}{chapter.2}% 9
\BOOKMARK [2][-]{subsection.2.2.1}{\376\377\000S\000e\000n\000c\000h\000a\000\040\000A\000r\000c\000h\000i\000t\000e\000c\000t}{section.2.2}% 10
\BOOKMARK [2][-]{subsection.2.2.2}{\376\377\000D\000i\000v\000s\000h\000o\000t}{section.2.2}% 11
\BOOKMARK [2][-]{subsection.2.2.3}{\376\377\000e\000X\000o\000\040\000C\000l\000o\000u\000d\000\040\000I\000D\000E}{section.2.2}% 12
\BOOKMARK [0][-]{chapter.3}{\376\377\000P\000r\000o\000p\000u\000e\000s\000t\000a\000\040\000d\000e\000\040\000S\000o\000l\000u\000c\000i\000\363\000n}{}% 13
\BOOKMARK [1][-]{section.3.1}{\376\377\000R\000e\000q\000u\000i\000s\000i\000t\000o\000s}{chapter.3}% 14
\BOOKMARK [2][-]{subsection.3.1.1}{\376\377\000D\000e\000f\000i\000n\000i\000c\000i\000\363\000n\000\040\000y\000\040\000R\000e\000q\000u\000i\000s\000i\000t\000o\000s\000\040\000d\000e\000l\000\040\000B\000a\000c\000k\000e\000n\000d}{section.3.1}% 15
\BOOKMARK [2][-]{subsection.3.1.2}{\376\377\000D\000e\000f\000i\000n\000i\000c\000i\000\363\000n\000\040\000y\000\040\000R\000e\000q\000u\000i\000s\000i\000t\000o\000s\000\040\000d\000e\000l\000\040\000F\000r\000o\000n\000t\000e\000n\000d}{section.3.1}% 16
\BOOKMARK [1][-]{section.3.2}{\376\377\000E\000l\000e\000c\000c\000i\000\363\000n\000\040\000d\000e\000\040\000H\000e\000r\000r\000a\000m\000i\000e\000n\000t\000a\000s}{chapter.3}% 17
\BOOKMARK [2][-]{subsection.3.2.1}{\376\377\000E\000l\000e\000c\000c\000i\000\363\000n\000\040\000d\000e\000\040\000H\000e\000r\000r\000a\000m\000i\000e\000n\000t\000a\000s\000\040\000p\000a\000r\000a\000\040\000e\000l\000\040\000B\000a\000c\000k\000e\000n\000d}{section.3.2}% 18
\BOOKMARK [2][-]{subsection.3.2.2}{\376\377\000E\000l\000e\000c\000c\000i\000\363\000n\000\040\000d\000e\000\040\000H\000e\000r\000r\000a\000m\000i\000e\000n\000t\000a\000s\000\040\000p\000a\000r\000a\000\040\000e\000l\000\040\000F\000r\000o\000n\000t\000e\000n\000d}{section.3.2}% 19
\BOOKMARK [0][-]{chapter.4}{\376\377\000C\000o\000n\000s\000t\000r\000u\000c\000c\000i\000\363\000n\000\040\000d\000e\000\040\000l\000a\000\040\000S\000o\000l\000u\000c\000i\000\363\000n}{}% 20
\BOOKMARK [1][-]{section.4.1}{\376\377\000I\000n\000t\000r\000o\000d\000u\000c\000c\000i\000\363\000n\000\040\000a\000\040\000B\000a\000c\000k\000b\000o\000n\000e}{chapter.4}% 21
\BOOKMARK [1][-]{section.4.2}{\376\377\000D\000i\000s\000e\000\361\000o\000\040\000d\000e\000\040\000l\000a\000\040\000S\000o\000l\000u\000c\000i\000\363\000n}{chapter.4}% 22
\BOOKMARK [2][-]{subsection.4.2.1}{\376\377\000B\000a\000c\000k\000e\000n\000d}{section.4.2}% 23
\BOOKMARK [2][-]{subsection.4.2.2}{\376\377\000F\000r\000o\000n\000t\000e\000n\000d}{section.4.2}% 24
\BOOKMARK [3][-]{subsubsection.4.2.2.1}{\376\377\000D\000e\000f\000i\000n\000i\000c\000i\000\363\000n\000\040\000d\000e\000\040\000O\000b\000j\000e\000t\000o\000s}{subsection.4.2.2}% 25
\BOOKMARK [4][-]{paragraph.4.2.2.1.1}{\376\377\000M\000o\000d\000e\000l\000o\000s\000\040\000y\000\040\000C\000o\000l\000e\000c\000c\000i\000o\000n\000e\000s}{subsubsection.4.2.2.1}% 26
\BOOKMARK [4][-]{paragraph.4.2.2.1.2}{\376\377\000V\000i\000s\000t\000a\000s}{subsubsection.4.2.2.1}% 27
\BOOKMARK [3][-]{subsubsection.4.2.2.2}{\376\377\000D\000i\000s\000e\000\361\000o\000\040\000d\000e\000l\000\040\000E\000d\000i\000t\000o\000r\000\040\000d\000e\000\040\000T\000e\000m\000p\000l\000a\000t\000e\000s}{subsection.4.2.2}% 28
\BOOKMARK [1][-]{section.4.3}{\376\377\000C\000o\000n\000s\000t\000r\000u\000c\000c\000i\000\363\000n\000\040\000d\000e\000\040\000l\000a\000\040\000B\000a\000s\000e}{chapter.4}% 29
\BOOKMARK [2][-]{subsection.4.3.1}{\376\377\000C\000r\000e\000a\000c\000i\000\363\000n\000\040\000d\000e\000l\000\040\000E\000n\000t\000o\000r\000n\000o\000\040\000d\000e\000\040\000T\000r\000a\000b\000a\000j\000o}{section.4.3}% 30
\BOOKMARK [3][-]{subsubsection.4.3.1.1}{\376\377\000E\000n\000t\000o\000r\000n\000o\000\040\000d\000e\000\040\000T\000r\000a\000b\000a\000j\000o\000\040\000p\000a\000r\000a\000\040\000e\000l\000\040\000B\000a\000c\000k\000e\000n\000d}{subsection.4.3.1}% 31
\BOOKMARK [3][-]{subsubsection.4.3.1.2}{\376\377\000E\000n\000t\000o\000r\000n\000o\000\040\000d\000e\000\040\000T\000r\000a\000b\000a\000j\000o\000\040\000p\000a\000r\000a\000\040\000e\000l\000\040\000F\000r\000o\000n\000t\000e\000n\000d}{subsection.4.3.1}% 32
\BOOKMARK [2][-]{subsection.4.3.2}{\376\377\000P\000r\000o\000t\000o\000t\000i\000p\000a\000d\000o\000\040\000d\000e\000\040\000l\000a\000\040\000I\000n\000t\000e\000r\000f\000a\000z}{section.4.3}% 33
\BOOKMARK [2][-]{subsection.4.3.3}{\376\377\000C\000r\000e\000a\000c\000i\000\363\000n\000\040\000d\000e\000\040\000S\000e\000r\000v\000i\000c\000i\000o\000s\000\040\000e\000n\000\040\000e\000l\000\040\000B\000a\000c\000k\000e\000n\000d}{section.4.3}% 34
\BOOKMARK [3][-]{subsubsection.4.3.3.1}{\376\377\000C\000r\000e\000a\000c\000i\000\363\000n\000\040\000d\000e\000\040\000P\000r\000o\000y\000e\000c\000t\000o\000s}{subsection.4.3.3}% 35
\BOOKMARK [3][-]{subsubsection.4.3.3.2}{\376\377\000M\000a\000n\000i\000p\000u\000l\000a\000c\000i\000\363\000n\000\040\000d\000e\000\040\000A\000r\000c\000h\000i\000v\000o\000s}{subsection.4.3.3}% 36
\BOOKMARK [3][-]{subsubsection.4.3.3.3}{\376\377\000E\000n\000s\000a\000m\000b\000l\000a\000d\000o\000\040\000y\000\040\000S\000e\000r\000v\000i\000d\000o\000r\000\040\000d\000e\000\040\000P\000r\000u\000e\000b\000a\000s}{subsection.4.3.3}% 37
\BOOKMARK [2][-]{subsection.4.3.4}{\376\377\000A\000g\000r\000e\000g\000a\000d\000o\000\040\000d\000e\000\040\000F\000u\000n\000c\000i\000o\000n\000a\000l\000i\000d\000a\000d\000\040\000a\000l\000\040\000P\000r\000o\000t\000o\000t\000i\000p\000o\000\040\000d\000e\000l\000\040\000F\000r\000o\000n\000t\000e\000n\000d}{section.4.3}% 38
\BOOKMARK [3][-]{subsubsection.4.3.4.1}{\376\377\000S\000e\000l\000e\000c\000t\000o\000r\000\040\000d\000e\000\040\000P\000r\000o\000y\000e\000c\000t\000o\000s}{subsection.4.3.4}% 39
\BOOKMARK [1][-]{section.4.4}{\376\377\000C\000o\000n\000s\000t\000r\000u\000c\000c\000i\000\363\000n\000\040\000d\000e\000l\000\040\000E\000d\000i\000t\000o\000r\000\040\000d\000e\000\040\000I\000n\000t\000e\000r\000f\000a\000c\000e\000s}{chapter.4}% 40
\BOOKMARK [0][-]{chapter.5}{\376\377\000R\000e\000s\000u\000l\000t\000a\000d\000o\000s}{}% 41
\BOOKMARK [1][-]{section.5.1}{\376\377\000P\000r\000o\000d\000u\000c\000t\000o\000\040\000F\000i\000n\000a\000l}{chapter.5}% 42
\BOOKMARK [1][-]{section.5.2}{\376\377\000M\000o\000d\000o\000\040\000d\000e\000\040\000U\000s\000o\000\040\000d\000e\000\040\000l\000a\000\040\000H\000e\000r\000r\000a\000m\000i\000e\000n\000t\000a}{chapter.5}% 43
\BOOKMARK [2][-]{subsection.5.2.1}{\376\377\000C\000r\000e\000a\000c\000i\000\363\000n\000\040\000y\000\040\000S\000e\000l\000e\000c\000c\000i\000\363\000n\000\040\000d\000e\000\040\000P\000r\000o\000y\000e\000c\000t\000o\000s}{section.5.2}% 44
\BOOKMARK [2][-]{subsection.5.2.2}{\376\377\000M\000a\000n\000e\000j\000o\000\040\000d\000e\000\040\000A\000r\000c\000h\000i\000v\000o\000s\000\040\000y\000\040\000C\000a\000r\000p\000e\000t\000a\000s}{section.5.2}% 45
\BOOKMARK [2][-]{subsection.5.2.3}{\376\377\000E\000d\000i\000c\000i\000\363\000n\000\040\000d\000e\000\040\000A\000r\000c\000h\000i\000v\000o\000s}{section.5.2}% 46
\BOOKMARK [2][-]{subsection.5.2.4}{\376\377\000E\000d\000i\000c\000i\000\363\000n\000\040\000d\000e\000\040\000T\000e\000m\000p\000l\000a\000t\000e\000s}{section.5.2}% 47
\BOOKMARK [2][-]{subsection.5.2.5}{\376\377\000E\000j\000e\000c\000u\000t\000a\000r\000\040\000e\000l\000\040\000P\000r\000o\000y\000e\000c\000t\000o}{section.5.2}% 48
\BOOKMARK [2][-]{subsection.5.2.6}{\376\377\000A\000r\000c\000h\000i\000v\000a\000d\000o\000\040\000d\000e\000l\000\040\000P\000r\000o\000y\000e\000c\000t\000o}{section.5.2}% 49
\BOOKMARK [2][-]{subsection.5.2.7}{\376\377\000O\000t\000r\000a\000s\000\040\000C\000a\000r\000a\000c\000t\000e\000r\000\355\000s\000t\000i\000c\000a\000s}{section.5.2}% 50
\BOOKMARK [0][-]{chapter.6}{\376\377\000C\000o\000n\000c\000l\000u\000s\000i\000o\000n\000e\000s}{}% 51
\BOOKMARK [1][-]{section.6.1}{\376\377\000S\000o\000b\000r\000e\000\040\000l\000a\000\040\000S\000o\000l\000u\000c\000i\000\363\000n}{chapter.6}% 52
\BOOKMARK [1][-]{section.6.2}{\376\377\000T\000r\000a\000b\000a\000j\000o\000\040\000F\000u\000t\000u\000r\000o}{chapter.6}% 53
\BOOKMARK [0][-]{chapter.7}{\376\377\000R\000e\000f\000e\000r\000e\000n\000c\000i\000a\000s}{}% 54
